#
# A fatal error has been detected by the Java Runtime Environment:
#
#  SIGSEGV (0xb) at pc=0x00000001206e1e57, pid=12338, tid=55047
#
# JRE version: Java(TM) SE Runtime Environment (8.0_40-b27) (build 1.8.0_40-b27)
# Java VM: Java HotSpot(TM) 64-Bit Server VM (25.40-b25 mixed mode bsd-amd64 compressed oops)
# Problematic frame:
# C  [libawt_lwawt.dylib+0x1ae57]  OGLSD_SetScratchSurface+0x49
#
# Failed to write core dump. Core dumps have been disabled. To enable core dumping, try "ulimit -c unlimited" before starting Java again
#
# If you would like to submit a bug report, please visit:
#   http://bugreport.java.com/bugreport/crash.jsp
# The crash happened outside the Java Virtual Machine in native code.
# See problematic frame for where to report the bug.
#

---------------  T H R E A D  ---------------

Current thread (0x00007fcf338a9000):  JavaThread "Java2D Queue Flusher" daemon [_thread_in_native, id=55047, stack(0x0000000124c91000,0x0000000124d91000)]

siginfo: si_signo: 11 (SIGSEGV), si_code: 1 (SEGV_MAPERR), si_addr: 0x0000000000000002

Registers:
RAX=0x00000000ffffffff, RBX=0x0000000000000002, RCX=0x0000000000000047, RDX=0x00000001207027bc
RSP=0x0000000124d90730, RBP=0x0000000124d90750, RSI=0x00007fcf32ca4890, RDI=0x00007fcf338a91f8
R8 =0x000000000000070a, R9 =0x0000000000000060, R10=0x0000000102d0fc38, R11=0x0000000102c7a0c0
R12=0x0000000000000000, R13=0x0000000124d908e8, R14=0x00007fcf338a91f8, R15=0x00007fcf338a9000
RIP=0x00000001206e1e57, EFLAGS=0x0000000000010202, ERR=0x0000000000000004
  TRAPNO=0x000000000000000e

Top of Stack: (sp=0x0000000124d90730)
0x0000000124d90730:   00007fcf32ca4890 0000000000000000
0x0000000124d90740:   00007fcf34078010 00007fcf338a9000
0x0000000124d90750:   0000000124d907d0 000000012070229a
0x0000000124d90760:   00007fcf32d3eb00 0000000200000001
0x0000000124d90770:   00007f0034078038 0000000124d90700
0x0000000124d90780:   0000000000000000 0000000000000000
0x0000000124d90790:   0000000124d907d0 00007fcf34078020
0x0000000124d907a0:   0000000100d90968 00007fcf338a91f8
0x0000000124d907b0:   00000001374b98e0 0000000000000000
0x0000000124d907c0:   0000000124d90968 00007fcf338a9000
0x0000000124d907d0:   0000000124d90820 0000000102d0fcaa
0x0000000124d907e0:   000000076f593968 0000000101d17a58
0x0000000124d907f0:   0000000000000064 0000000000000000
0x0000000124d90800:   0000000000000064 00007fcf32d3e868
0x0000000124d90810:   0000000124d90870 0000000101b39bc7
0x0000000124d90820:   0000000124d90940 0000000102c7a6bc
0x0000000124d90830:   0000000000000001 00007fcf32d3f2b0
0x0000000124d90840:   000000076f5a8000 00007fcf338a9000
0x0000000124d90850:   00007fcf338a9000 000000011b8e8a08
0x0000000124d90860:   0000000124d90968 00007fcf338a9000
0x0000000124d90870:   0000000124d908c0 00000001029d1ca8
0x0000000124d90880:   000000076f593968 0000000102a23226
0x0000000124d90890:   0000000124d90940 0000000102c7a11c
0x0000000124d908a0:   ffffffffffffffff 000000011bce3670
0x0000000124d908b0:   000000011bce4260 0000000000000000
0x0000000124d908c0:   0000000124d90940 0000000102770c4d
0x0000000124d908d0:   0000000124d90940 0000000102770c4d
0x0000000124d908e0:   0000000102770c4d 000000076f593968
0x0000000124d908f0:   0000000000000001 000000076f5a8000
0x0000000124d90900:   0000000124d908f0 000000011bd747b1
0x0000000124d90910:   0000000124d90968 000000011bdc1cc0
0x0000000124d90920:   0000000000000000 000000011bd748b8 

Instructions: (pc=0x00000001206e1e57)
0x00000001206e1e37:   c0 e9 82 00 00 00 48 8b 5e 10 48 85 db 75 0e bf
0x00000001206e1e47:   01 00 00 00 48 8d 15 a4 76 03 00 eb d6 49 89 fe
0x00000001206e1e57:   4c 8b 3b 30 c0 e8 5f a3 02 00 49 8b 3f 49 89 c4
0x00000001206e1e67:   48 8b 35 ba f6 05 00 30 c0 e8 83 a4 02 00 48 85 

Register to memory mapping:

RAX=0x00000000ffffffff is an unknown value
RBX=0x0000000000000002 is an unknown value
RCX=0x0000000000000047 is an unknown value
RDX=0x00000001207027bc: Java_sun_java2d_opengl_OGLRenderQueue_flushBuffer+0xb5c in /Library/Java/JavaVirtualMachines/jdk1.8.0_40.jdk/Contents/Home/jre/lib/libawt_lwawt.dylib at 0x00000001206c7000
RSP=0x0000000124d90730 is pointing into the stack for thread: 0x00007fcf338a9000
RBP=0x0000000124d90750 is pointing into the stack for thread: 0x00007fcf338a9000
RSI=0x00007fcf32ca4890 is an unknown value
RDI=0x00007fcf338a91f8 is an unknown value
R8 =0x000000000000070a is an unknown value
R9 =0x0000000000000060 is an unknown value
R10=0x0000000102d0fc38 is at entry_point+56 in (nmethod*)0x0000000102d0fa90
R11=0x0000000102c7a0c0 is at entry_point+0 in (nmethod*)0x0000000102c79f50
R12=0x0000000000000000 is an unknown value
R13=0x0000000124d908e8 is pointing into the stack for thread: 0x00007fcf338a9000
R14=0x00007fcf338a91f8 is an unknown value
R15=0x00007fcf338a9000 is a thread


Stack: [0x0000000124c91000,0x0000000124d91000],  sp=0x0000000124d90730,  free space=1021k
Native frames: (J=compiled Java code, j=interpreted, Vv=VM code, C=native code)
C  [libawt_lwawt.dylib+0x1ae57]  OGLSD_SetScratchSurface+0x49
C  [libawt_lwawt.dylib+0x3b29a]  Java_sun_java2d_opengl_OGLRenderQueue_flushBuffer+0x63a
J 1798  sun.java2d.opengl.OGLRenderQueue.flushBuffer(JI)V (0 bytes) @ 0x0000000102d0fcaa [0x0000000102d0fc00+0xaa]
J 1544 C1 sun.java2d.opengl.OGLRenderQueue.flushBuffer()V (41 bytes) @ 0x0000000102c7a6bc [0x0000000102c7a460+0x25c]
J 1543 C1 sun.java2d.opengl.OGLRenderQueue.access$100(Lsun/java2d/opengl/OGLRenderQueue;)V (5 bytes) @ 0x0000000102c7a11c [0x0000000102c7a0c0+0x5c]
j  sun.java2d.opengl.OGLRenderQueue$QueueFlusher.run()V+81
v  ~StubRoutines::call_stub
V  [libjvm.dylib+0x2e036e]  JavaCalls::call_helper(JavaValue*, methodHandle*, JavaCallArguments*, Thread*)+0x6ae
V  [libjvm.dylib+0x2e0afc]  JavaCalls::call_virtual(JavaValue*, KlassHandle, Symbol*, Symbol*, JavaCallArguments*, Thread*)+0x164
V  [libjvm.dylib+0x2e0ca8]  JavaCalls::call_virtual(JavaValue*, Handle, KlassHandle, Symbol*, Symbol*, Thread*)+0x4a
V  [libjvm.dylib+0x3331e9]  thread_entry(JavaThread*, Thread*)+0x7c
V  [libjvm.dylib+0x549acf]  JavaThread::thread_main_inner()+0x9b
V  [libjvm.dylib+0x54b1c0]  JavaThread::run()+0x1c2
V  [libjvm.dylib+0x46ea8e]  java_start(Thread*)+0xf6
C  [libsystem_pthread.dylib+0x3268]  _pthread_body+0x83
C  [libsystem_pthread.dylib+0x31e5]  _pthread_body+0x0
C  [libsystem_pthread.dylib+0x141d]  thread_start+0xd
C  0x0000000000000000

Java frames: (J=compiled Java code, j=interpreted, Vv=VM code)
J 1798  sun.java2d.opengl.OGLRenderQueue.flushBuffer(JI)V (0 bytes) @ 0x0000000102d0fc38 [0x0000000102d0fc00+0x38]
J 1544 C1 sun.java2d.opengl.OGLRenderQueue.flushBuffer()V (41 bytes) @ 0x0000000102c7a6bc [0x0000000102c7a460+0x25c]
J 1543 C1 sun.java2d.opengl.OGLRenderQueue.access$100(Lsun/java2d/opengl/OGLRenderQueue;)V (5 bytes) @ 0x0000000102c7a11c [0x0000000102c7a0c0+0x5c]
j  sun.java2d.opengl.OGLRenderQueue$QueueFlusher.run()V+81
v  ~StubRoutines::call_stub

---------------  P R O C E S S  ---------------

Java Threads: ( => current thread )
  0x00007fcf35a0f000 JavaThread "TimerQueue" daemon [_thread_blocked, id=65811, stack(0x00000001376af000,0x00000001377af000)]
  0x00007fcf3700b000 JavaThread "DestroyJavaVM" [_thread_blocked, id=4867, stack(0x00000001006a2000,0x00000001007a2000)]
  0x00007fcf358ed800 JavaThread "AWT-EventQueue-0" [_thread_blocked, id=59403, stack(0x0000000126964000,0x0000000126a64000)]
  0x00007fcf33916800 JavaThread "Java2D Disposer" daemon [_thread_blocked, id=57355, stack(0x0000000125a06000,0x0000000125b06000)]
=>0x00007fcf338a9000 JavaThread "Java2D Queue Flusher" daemon [_thread_in_native, id=55047, stack(0x0000000124c91000,0x0000000124d91000)]
  0x00007fcf330cf000 JavaThread "AWT-Shutdown" [_thread_blocked, id=31751, stack(0x0000000121b59000,0x0000000121c59000)]
  0x00007fcf35862000 JavaThread "AppKit Thread" daemon [_thread_in_native, id=1299, stack(0x00007fff5ee9b000,0x00007fff5f69b000)]
  0x00007fcf35859000 JavaThread "Monitor Ctrl-Break" daemon [_thread_in_native, id=21763, stack(0x00000001203f2000,0x00000001204f2000)]
  0x00007fcf34025800 JavaThread "Service Thread" daemon [_thread_blocked, id=20739, stack(0x0000000120092000,0x0000000120192000)]
  0x00007fcf34037000 JavaThread "C1 CompilerThread3" daemon [_thread_blocked, id=20227, stack(0x000000011ff8f000,0x000000012008f000)]
  0x00007fcf34036000 JavaThread "C2 CompilerThread2" daemon [_thread_blocked, id=19715, stack(0x000000011fe8c000,0x000000011ff8c000)]
  0x00007fcf34035800 JavaThread "C2 CompilerThread1" daemon [_thread_blocked, id=19203, stack(0x000000011fd89000,0x000000011fe89000)]
  0x00007fcf33812800 JavaThread "C2 CompilerThread0" daemon [_thread_blocked, id=18691, stack(0x000000011fc86000,0x000000011fd86000)]
  0x00007fcf33806000 JavaThread "Signal Dispatcher" daemon [_thread_blocked, id=14859, stack(0x000000011fb83000,0x000000011fc83000)]
  0x00007fcf34025000 JavaThread "Finalizer" daemon [_thread_blocked, id=13571, stack(0x000000011e23d000,0x000000011e33d000)]
  0x00007fcf34024000 JavaThread "Reference Handler" daemon [_thread_blocked, id=13059, stack(0x000000011e13a000,0x000000011e23a000)]

Other Threads:
  0x00007fcf3580f800 VMThread [stack: 0x000000011e037000,0x000000011e137000] [id=12547]
  0x00007fcf37003800 WatcherThread [stack: 0x0000000120195000,0x0000000120295000] [id=21251]

VM state:not at safepoint (normal execution)

VM Mutex/Monitor currently owned by a thread: None

Heap:
 PSYoungGen      total 76288K, used 12188K [0x000000076ab00000, 0x0000000770000000, 0x00000007c0000000)
  eden space 65536K, 2% used [0x000000076ab00000,0x000000076ac685e0,0x000000076eb00000)
  from space 10752K, 99% used [0x000000076f580000,0x000000076fffebd0,0x0000000770000000)
  to   space 10752K, 0% used [0x000000076eb00000,0x000000076eb00000,0x000000076f580000)
 ParOldGen       total 175104K, used 17026K [0x00000006c0000000, 0x00000006cab00000, 0x000000076ab00000)
  object space 175104K, 9% used [0x00000006c0000000,0x00000006c10a0850,0x00000006cab00000)
 Metaspace       used 15560K, capacity 15856K, committed 16000K, reserved 1062912K
  class space    used 1989K, capacity 2072K, committed 2176K, reserved 1048576K

Card table byte_map: [0x0000000111b29000,0x000000011232a000] byte_map_base: 0x000000010e529000

Marking Bits: (ParMarkBitMap*) 0x00000001020c27a0
 Begin Bits: [0x0000000113098000, 0x0000000117098000)
 End Bits:   [0x0000000117098000, 0x000000011b098000)

Polling page: 0x00000001007e7000

CodeCache: size=245760Kb used=7028Kb max_used=7078Kb free=238731Kb
 bounds [0x0000000102769000, 0x0000000102e69000, 0x0000000111769000]
 total_blobs=2693 nmethods=2154 adapters=452
 compilation: enabled

Compilation events (10 events):
Event: 30.564 Thread 0x00007fcf34037000 2235       3       java.lang.ref.Finalizer::access$000 (4 bytes)
Event: 30.565 Thread 0x00007fcf34037000 nmethod 2235 0x0000000102e33810 code [0x0000000102e33960, 0x0000000102e33ab0]
Event: 30.565 Thread 0x00007fcf34037000 2236       3       java.lang.ref.Finalizer::access$100 (6 bytes)
Event: 30.565 Thread 0x00007fcf34037000 nmethod 2236 0x0000000102e42710 code [0x0000000102e42880, 0x0000000102e429e8]
Event: 30.565 Thread 0x00007fcf34037000 2237   !   3       java.lang.ref.Finalizer::runFinalizer (62 bytes)
Event: 30.566 Thread 0x00007fcf34037000 nmethod 2237 0x0000000102e43690 code [0x0000000102e43860, 0x0000000102e440f8]
Event: 30.566 Thread 0x00007fcf34037000 2238       3       java.lang.ref.Finalizer::hasBeenFinalized (14 bytes)
Event: 30.566 Thread 0x00007fcf34037000 nmethod 2238 0x0000000102883b90 code [0x0000000102883d00, 0x0000000102883eb0]
Event: 30.566 Thread 0x00007fcf34037000 2239   !   3       java.lang.ref.Finalizer::remove (94 bytes)
Event: 30.566 Thread 0x00007fcf34037000 nmethod 2239 0x000000010291ab90 code [0x000000010291ad20, 0x000000010291b230]

GC Heap History (4 events):
Event: 12.122 GC heap before
{Heap before GC invocations=1 (full 0):
 PSYoungGen      total 76288K, used 65536K [0x000000076ab00000, 0x0000000770000000, 0x00000007c0000000)
  eden space 65536K, 100% used [0x000000076ab00000,0x000000076eb00000,0x000000076eb00000)
  from space 10752K, 0% used [0x000000076f580000,0x000000076f580000,0x0000000770000000)
  to   space 10752K, 0% used [0x000000076eb00000,0x000000076eb00000,0x000000076f580000)
 ParOldGen       total 175104K, used 0K [0x00000006c0000000, 0x00000006cab00000, 0x000000076ab00000)
  object space 175104K, 0% used [0x00000006c0000000,0x00000006c0000000,0x00000006cab00000)
 Metaspace       used 14327K, capacity 14646K, committed 14848K, reserved 1062912K
  class space    used 1938K, capacity 2037K, committed 2048K, reserved 1048576K
Event: 12.130 GC heap after
Heap after GC invocations=1 (full 0):
 PSYoungGen      total 76288K, used 9000K [0x000000076ab00000, 0x0000000770000000, 0x00000007c0000000)
  eden space 65536K, 0% used [0x000000076ab00000,0x000000076ab00000,0x000000076eb00000)
  from space 10752K, 83% used [0x000000076eb00000,0x000000076f3ca0e0,0x000000076f580000)
  to   space 10752K, 0% used [0x000000076f580000,0x000000076f580000,0x0000000770000000)
 ParOldGen       total 175104K, used 5358K [0x00000006c0000000, 0x00000006cab00000, 0x000000076ab00000)
  object space 175104K, 3% used [0x00000006c0000000,0x00000006c053bb50,0x00000006cab00000)
 Metaspace       used 14327K, capacity 14646K, committed 14848K, reserved 1062912K
  class space    used 1938K, capacity 2037K, committed 2048K, reserved 1048576K
}
Event: 30.550 GC heap before
{Heap before GC invocations=2 (full 0):
 PSYoungGen      total 76288K, used 74536K [0x000000076ab00000, 0x0000000770000000, 0x00000007c0000000)
  eden space 65536K, 100% used [0x000000076ab00000,0x000000076eb00000,0x000000076eb00000)
  from space 10752K, 83% used [0x000000076eb00000,0x000000076f3ca0e0,0x000000076f580000)
  to   space 10752K, 0% used [0x000000076f580000,0x000000076f580000,0x0000000770000000)
 ParOldGen       total 175104K, used 5358K [0x00000006c0000000, 0x00000006cab00000, 0x000000076ab00000)
  object space 175104K, 3% used [0x00000006c0000000,0x00000006c053bb50,0x00000006cab00000)
 Metaspace       used 15556K, capacity 15856K, committed 16000K, reserved 1062912K
  class space    used 1989K, capacity 2072K, committed 2176K, reserved 1048576K
Event: 30.564 GC heap after
Heap after GC invocations=2 (full 0):
 PSYoungGen      total 76288K, used 10746K [0x000000076ab00000, 0x0000000770000000, 0x00000007c0000000)
  eden space 65536K, 0% used [0x000000076ab00000,0x000000076ab00000,0x000000076eb00000)
  from space 10752K, 99% used [0x000000076f580000,0x000000076fffebd0,0x0000000770000000)
  to   space 10752K, 0% used [0x000000076eb00000,0x000000076eb00000,0x000000076f580000)
 ParOldGen       total 175104K, used 17026K [0x00000006c0000000, 0x00000006cab00000, 0x000000076ab00000)
  object space 175104K, 9% used [0x00000006c0000000,0x00000006c10a0850,0x00000006cab00000)
 Metaspace       used 15556K, capacity 15856K, committed 16000K, reserved 1062912K
  class space    used 1989K, capacity 2072K, committed 2176K, reserved 1048576K
}

Deoptimization events (7 events):
Event: 0.083 Thread 0x00007fcf35001800 Uncommon trap: reason=unstable_if action=reinterpret pc=0x000000010288ff6c method=java.lang.String.hashCode()I @ 14
Event: 1.013 Thread 0x00007fcf35001800 Uncommon trap: reason=class_check action=maybe_recompile pc=0x00000001028f6a58 method=java.lang.String.equals(Ljava/lang/Object;)Z @ 8
Event: 1.013 Thread 0x00007fcf35001800 Uncommon trap: reason=class_check action=maybe_recompile pc=0x00000001028f6a58 method=java.lang.String.equals(Ljava/lang/Object;)Z @ 8
Event: 1.016 Thread 0x00007fcf358ed800 Uncommon trap: reason=class_check action=maybe_recompile pc=0x00000001028f6a58 method=java.lang.String.equals(Ljava/lang/Object;)Z @ 8
Event: 1.016 Thread 0x00007fcf358ed800 Uncommon trap: reason=class_check action=maybe_recompile pc=0x00000001028f6a58 method=java.lang.String.equals(Ljava/lang/Object;)Z @ 8
Event: 9.945 Thread 0x00007fcf339d2000 Uncommon trap: reason=unstable_if action=reinterpret pc=0x000000010291bce4 method=sun.nio.cs.UTF_8$Encoder.encode([CII[B)I @ 33
Event: 9.945 Thread 0x00007fcf339d2000 Uncommon trap: reason=unstable_if action=reinterpret pc=0x0000000102947f5c method=java.lang.CharacterData.of(I)Ljava/lang/CharacterData; @ 4

Internal exceptions (10 events):
Event: 0.100 Thread 0x00007fcf35001800 Exception <a 'java/security/PrivilegedActionException'> (0x000000076b04bfc8) thrown at [/Users/java_re/workspace/8-2-build-macosx-x86_64/jdk8u40/3153/hotspot/src/share/vm/prims/jvm.cpp, line 1382]
Event: 0.100 Thread 0x00007fcf35001800 Exception <a 'java/security/PrivilegedActionException'> (0x000000076b04c180) thrown at [/Users/java_re/workspace/8-2-build-macosx-x86_64/jdk8u40/3153/hotspot/src/share/vm/prims/jvm.cpp, line 1382]
Event: 0.235 Thread 0x00007fcf35001800 Exception <a 'java/io/FileNotFoundException'> (0x000000076b051d18) thrown at [/Users/java_re/workspace/8-2-build-macosx-x86_64/jdk8u40/3153/hotspot/src/share/vm/prims/jni.cpp, line 709]
Event: 0.235 Thread 0x00007fcf35001800 Exception <a 'java/io/FileNotFoundException'> (0x000000076b052838) thrown at [/Users/java_re/workspace/8-2-build-macosx-x86_64/jdk8u40/3153/hotspot/src/share/vm/prims/jni.cpp, line 709]
Event: 0.281 Thread 0x00007fcf35001800 Exception <a 'java/lang/NoSuchFieldError': method resolution failed> (0x000000076b145c40) thrown at [/Users/java_re/workspace/8-2-build-macosx-x86_64/jdk8u40/3153/hotspot/src/share/vm/prims/methodHandles.cpp, line 1125]
Event: 0.283 Thread 0x00007fcf35001800 Exception <a 'java/lang/NoSuchFieldError': method resolution failed> (0x000000076b154600) thrown at [/Users/java_re/workspace/8-2-build-macosx-x86_64/jdk8u40/3153/hotspot/src/share/vm/prims/methodHandles.cpp, line 1125]
Event: 9.943 Thread 0x00007fcf358ed800 Exception <a 'java/lang/NullPointerException'> (0x000000076de51c30) thrown at [/Users/java_re/workspace/8-2-build-macosx-x86_64/jdk8u40/3153/hotspot/src/share/vm/prims/jni.cpp, line 735]
Event: 12.130 Thread 0x00007fcf34025000 Exception <a 'java/lang/NullPointerException'> (0x000000076ac9bc68) thrown at [/Users/java_re/workspace/8-2-build-macosx-x86_64/jdk8u40/3153/hotspot/src/share/vm/interpreter/linkResolver.cpp, line 1178]
Event: 12.132 Thread 0x00007fcf34025000 Exception <a 'java/lang/NullPointerException'> (0x000000076ac9bec0) thrown at [/Users/java_re/workspace/8-2-build-macosx-x86_64/jdk8u40/3153/hotspot/src/share/vm/interpreter/linkResolver.cpp, line 1178]
Event: 12.132 Thread 0x00007fcf34025000 Exception <a 'java/lang/NullPointerException'> (0x000000076ac9c070) thrown at [/Users/java_re/workspace/8-2-build-macosx-x86_64/jdk8u40/3153/hotspot/src/share/vm/interpreter/linkResolver.cpp, line 1178]

Events (10 events):
Event: 30.566 Thread 0x00007fcf34037000 flushing nmethod 0x000000010296c610
Event: 30.566 Thread 0x00007fcf34037000 flushing nmethod 0x000000010296dd90
Event: 30.566 Thread 0x00007fcf34037000 flushing nmethod 0x000000010297f810
Event: 30.566 Thread 0x00007fcf34037000 flushing nmethod 0x0000000102983910
Event: 30.566 Thread 0x00007fcf34037000 flushing nmethod 0x0000000102985bd0
Event: 30.566 Thread 0x00007fcf34037000 flushing nmethod 0x000000010298b750
Event: 30.566 Thread 0x00007fcf34037000 flushing nmethod 0x000000010298bb90
Event: 30.566 Thread 0x00007fcf34037000 flushing nmethod 0x000000010298d8d0
Event: 30.566 Thread 0x00007fcf34037000 flushing nmethod 0x0000000102998550
Event: 30.567 Thread 0x00007fcf34037000 flushing nmethod 0x00000001029aded0


Dynamic libraries:
0x0000000005d20000 	/System/Library/Frameworks/Cocoa.framework/Versions/A/Cocoa
0x0000000005d20000 	/System/Library/Frameworks/Security.framework/Versions/A/Security
0x0000000005d20000 	/System/Library/Frameworks/ApplicationServices.framework/Versions/A/ApplicationServices
0x0000000005d20000 	/usr/lib/libz.1.dylib
0x0000000005d20000 	/usr/lib/libSystem.B.dylib
0x0000000005d20000 	/usr/lib/libobjc.A.dylib
0x0000000005d20000 	/System/Library/Frameworks/CoreFoundation.framework/Versions/A/CoreFoundation
0x0000000005d20000 	/System/Library/Frameworks/Foundation.framework/Versions/C/Foundation
0x0000000005d20000 	/System/Library/Frameworks/AppKit.framework/Versions/C/AppKit
0x0000000005d20000 	/System/Library/Frameworks/CoreData.framework/Versions/A/CoreData
0x0000000005d20000 	/System/Library/PrivateFrameworks/RemoteViewServices.framework/Versions/A/RemoteViewServices
0x0000000005d20000 	/System/Library/PrivateFrameworks/UIFoundation.framework/Versions/A/UIFoundation
0x0000000005d20000 	/System/Library/Frameworks/IOSurface.framework/Versions/A/IOSurface
0x0000000005d20000 	/System/Library/Frameworks/AudioToolbox.framework/Versions/A/AudioToolbox
0x0000000005d20000 	/System/Library/Frameworks/AudioUnit.framework/Versions/A/AudioUnit
0x0000000005d20000 	/System/Library/PrivateFrameworks/DataDetectorsCore.framework/Versions/A/DataDetectorsCore
0x0000000005d20000 	/System/Library/PrivateFrameworks/DesktopServicesPriv.framework/Versions/A/DesktopServicesPriv
0x0000000005d20000 	/System/Library/Frameworks/Carbon.framework/Versions/A/Frameworks/HIToolbox.framework/Versions/A/HIToolbox
0x0000000005d20000 	/System/Library/Frameworks/QuartzCore.framework/Versions/A/QuartzCore
0x0000000005d20000 	/System/Library/Frameworks/Carbon.framework/Versions/A/Frameworks/SpeechRecognition.framework/Versions/A/SpeechRecognition
0x0000000005d20000 	/usr/lib/libauto.dylib
0x0000000005d20000 	/usr/lib/libicucore.A.dylib
0x0000000005d20000 	/usr/lib/libxml2.2.dylib
0x0000000005d20000 	/System/Library/PrivateFrameworks/CoreUI.framework/Versions/A/CoreUI
0x0000000005d20000 	/System/Library/Frameworks/CoreAudio.framework/Versions/A/CoreAudio
0x0000000005d20000 	/System/Library/Frameworks/DiskArbitration.framework/Versions/A/DiskArbitration
0x0000000005d20000 	/usr/lib/liblangid.dylib
0x0000000005d20000 	/System/Library/PrivateFrameworks/MultitouchSupport.framework/Versions/A/MultitouchSupport
0x0000000005d20000 	/System/Library/Frameworks/IOKit.framework/Versions/A/IOKit
0x0000000005d20000 	/usr/lib/libDiagnosticMessagesClient.dylib
0x0000000005d20000 	/System/Library/Frameworks/CoreServices.framework/Versions/A/CoreServices
0x0000000005d20000 	/System/Library/PrivateFrameworks/PerformanceAnalysis.framework/Versions/A/PerformanceAnalysis
0x0000000005d20000 	/System/Library/PrivateFrameworks/GenerationalStorage.framework/Versions/A/GenerationalStorage
0x0000000005d20000 	/System/Library/Frameworks/OpenGL.framework/Versions/A/OpenGL
0x0000000005d20000 	/System/Library/PrivateFrameworks/Sharing.framework/Versions/A/Sharing
0x0000000005d20000 	/System/Library/Frameworks/CoreGraphics.framework/Versions/A/CoreGraphics
0x0000000005d20000 	/System/Library/Frameworks/CoreText.framework/Versions/A/CoreText
0x0000000005d20000 	/System/Library/Frameworks/ImageIO.framework/Versions/A/ImageIO
0x0000000005d20000 	/usr/lib/libextension.dylib
0x0000000005d20000 	/System/Library/PrivateFrameworks/Backup.framework/Versions/A/Backup
0x0000000005d20000 	/usr/lib/libarchive.2.dylib
0x0000000005d20000 	/System/Library/Frameworks/CFNetwork.framework/Versions/A/CFNetwork
0x0000000005d20000 	/System/Library/Frameworks/SystemConfiguration.framework/Versions/A/SystemConfiguration
0x0000000005d20000 	/usr/lib/libCRFSuite.dylib
0x0000000005d20000 	/usr/lib/libc++.1.dylib
0x0000000005d20000 	/usr/lib/libc++abi.dylib
0x0000000005d20000 	/usr/lib/system/libcache.dylib
0x0000000005d20000 	/usr/lib/system/libcommonCrypto.dylib
0x0000000005d20000 	/usr/lib/system/libcompiler_rt.dylib
0x0000000005d20000 	/usr/lib/system/libcopyfile.dylib
0x0000000005d20000 	/usr/lib/system/libcorecrypto.dylib
0x0000000005d20000 	/usr/lib/system/libdispatch.dylib
0x0000000005d20000 	/usr/lib/system/libdyld.dylib
0x0000000005d20000 	/usr/lib/system/libkeymgr.dylib
0x0000000005d20000 	/usr/lib/system/liblaunch.dylib
0x0000000005d20000 	/usr/lib/system/libmacho.dylib
0x0000000005d20000 	/usr/lib/system/libquarantine.dylib
0x0000000005d20000 	/usr/lib/system/libremovefile.dylib
0x0000000005d20000 	/usr/lib/system/libsystem_asl.dylib
0x0000000005d20000 	/usr/lib/system/libsystem_blocks.dylib
0x0000000005d20000 	/usr/lib/system/libsystem_c.dylib
0x0000000005d20000 	/usr/lib/system/libsystem_configuration.dylib
0x0000000005d20000 	/usr/lib/system/libsystem_coreservices.dylib
0x0000000005d20000 	/usr/lib/system/libsystem_coretls.dylib
0x0000000005d20000 	/usr/lib/system/libsystem_dnssd.dylib
0x0000000005d20000 	/usr/lib/system/libsystem_info.dylib
0x0000000005d20000 	/usr/lib/system/libsystem_kernel.dylib
0x0000000005d20000 	/usr/lib/system/libsystem_m.dylib
0x0000000005d20000 	/usr/lib/system/libsystem_malloc.dylib
0x0000000005d20000 	/usr/lib/system/libsystem_network.dylib
0x0000000005d20000 	/usr/lib/system/libsystem_networkextension.dylib
0x0000000005d20000 	/usr/lib/system/libsystem_notify.dylib
0x0000000005d20000 	/usr/lib/system/libsystem_platform.dylib
0x0000000005d20000 	/usr/lib/system/libsystem_pthread.dylib
0x0000000005d20000 	/usr/lib/system/libsystem_sandbox.dylib
0x0000000005d20000 	/usr/lib/system/libsystem_secinit.dylib
0x0000000005d20000 	/usr/lib/system/libsystem_stats.dylib
0x0000000005d20000 	/usr/lib/system/libsystem_trace.dylib
0x0000000005d20000 	/usr/lib/system/libunc.dylib
0x0000000005d20000 	/usr/lib/system/libunwind.dylib
0x0000000005d20000 	/usr/lib/system/libxpc.dylib
0x0000000005d20000 	/usr/lib/libbz2.1.0.dylib
0x0000000005d20000 	/usr/lib/liblzma.5.dylib
0x0000000005d20000 	/usr/lib/libbsm.0.dylib
0x0000000005d20000 	/usr/lib/libsqlite3.dylib
0x0000000005d20000 	/usr/lib/system/libkxld.dylib
0x0000000005d20000 	/usr/lib/libxar.1.dylib
0x0000000005d20000 	/usr/lib/libpam.2.dylib
0x0000000005d20000 	/usr/lib/libOpenScriptingUtil.dylib
0x0000000005d20000 	/System/Library/Frameworks/CoreServices.framework/Versions/A/Frameworks/FSEvents.framework/Versions/A/FSEvents
0x0000000005d20000 	/System/Library/Frameworks/CoreServices.framework/Versions/A/Frameworks/CarbonCore.framework/Versions/A/CarbonCore
0x0000000005d20000 	/System/Library/Frameworks/CoreServices.framework/Versions/A/Frameworks/Metadata.framework/Versions/A/Metadata
0x0000000005d20000 	/System/Library/Frameworks/CoreServices.framework/Versions/A/Frameworks/OSServices.framework/Versions/A/OSServices
0x0000000005d20000 	/System/Library/Frameworks/CoreServices.framework/Versions/A/Frameworks/SearchKit.framework/Versions/A/SearchKit
0x0000000005d20000 	/System/Library/Frameworks/CoreServices.framework/Versions/A/Frameworks/AE.framework/Versions/A/AE
0x0000000005d20000 	/System/Library/Frameworks/CoreServices.framework/Versions/A/Frameworks/LaunchServices.framework/Versions/A/LaunchServices
0x0000000005d20000 	/System/Library/Frameworks/CoreServices.framework/Versions/A/Frameworks/DictionaryServices.framework/Versions/A/DictionaryServices
0x0000000005d20000 	/System/Library/Frameworks/NetFS.framework/Versions/A/NetFS
0x0000000005d20000 	/System/Library/PrivateFrameworks/NetAuth.framework/Versions/A/NetAuth
0x0000000005d20000 	/System/Library/PrivateFrameworks/login.framework/Versions/A/Frameworks/loginsupport.framework/Versions/A/loginsupport
0x0000000005d20000 	/System/Library/PrivateFrameworks/TCC.framework/Versions/A/TCC
0x0000000005d20000 	/usr/lib/libmecabra.dylib
0x0000000005d20000 	/System/Library/Frameworks/ApplicationServices.framework/Versions/A/Frameworks/ATS.framework/Versions/A/ATS
0x0000000005d20000 	/System/Library/Frameworks/ApplicationServices.framework/Versions/A/Frameworks/ColorSync.framework/Versions/A/ColorSync
0x0000000005d20000 	/System/Library/Frameworks/ApplicationServices.framework/Versions/A/Frameworks/HIServices.framework/Versions/A/HIServices
0x0000000005d20000 	/System/Library/Frameworks/ApplicationServices.framework/Versions/A/Frameworks/LangAnalysis.framework/Versions/A/LangAnalysis
0x0000000005d20000 	/System/Library/Frameworks/ApplicationServices.framework/Versions/A/Frameworks/PrintCore.framework/Versions/A/PrintCore
0x0000000005d20000 	/System/Library/Frameworks/ApplicationServices.framework/Versions/A/Frameworks/QD.framework/Versions/A/QD
0x0000000005d20000 	/System/Library/Frameworks/ApplicationServices.framework/Versions/A/Frameworks/SpeechSynthesis.framework/Versions/A/SpeechSynthesis
0x0000000005d20000 	/System/Library/Frameworks/Accelerate.framework/Versions/A/Accelerate
0x0000000005d20000 	/System/Library/Frameworks/Accelerate.framework/Versions/A/Frameworks/vImage.framework/Versions/A/vImage
0x0000000005d20000 	/System/Library/Frameworks/Accelerate.framework/Versions/A/Frameworks/vecLib.framework/Versions/A/vecLib
0x0000000005d20000 	/System/Library/Frameworks/Accelerate.framework/Versions/A/Frameworks/vecLib.framework/Versions/A/libvDSP.dylib
0x0000000005d20000 	/System/Library/Frameworks/Accelerate.framework/Versions/A/Frameworks/vecLib.framework/Versions/A/libvMisc.dylib
0x0000000005d20000 	/System/Library/Frameworks/Accelerate.framework/Versions/A/Frameworks/vecLib.framework/Versions/A/libLAPACK.dylib
0x0000000005d20000 	/System/Library/Frameworks/Accelerate.framework/Versions/A/Frameworks/vecLib.framework/Versions/A/libBLAS.dylib
0x0000000005d20000 	/System/Library/Frameworks/Accelerate.framework/Versions/A/Frameworks/vecLib.framework/Versions/A/libLinearAlgebra.dylib
0x0000000005d20000 	/System/Library/Frameworks/ApplicationServices.framework/Versions/A/Frameworks/ATS.framework/Versions/A/Resources/libFontParser.dylib
0x0000000005d20000 	/System/Library/Frameworks/ApplicationServices.framework/Versions/A/Frameworks/ATS.framework/Versions/A/Resources/libFontRegistry.dylib
0x0000000005d20000 	/System/Library/PrivateFrameworks/AppleVPA.framework/Versions/A/AppleVPA
0x0000000005d20000 	/System/Library/PrivateFrameworks/AppleJPEG.framework/Versions/A/AppleJPEG
0x0000000005d20000 	/System/Library/Frameworks/ImageIO.framework/Versions/A/Resources/libJPEG.dylib
0x0000000005d20000 	/System/Library/Frameworks/ImageIO.framework/Versions/A/Resources/libTIFF.dylib
0x0000000005d20000 	/System/Library/Frameworks/ImageIO.framework/Versions/A/Resources/libPng.dylib
0x0000000005d20000 	/System/Library/Frameworks/ImageIO.framework/Versions/A/Resources/libGIF.dylib
0x0000000005d20000 	/System/Library/Frameworks/ImageIO.framework/Versions/A/Resources/libJP2.dylib
0x0000000005d20000 	/System/Library/Frameworks/ImageIO.framework/Versions/A/Resources/libRadiance.dylib
0x0000000005d20000 	/System/Library/Frameworks/CoreVideo.framework/Versions/A/CoreVideo
0x0000000005d20000 	/System/Library/Frameworks/OpenGL.framework/Versions/A/Libraries/libGLU.dylib
0x0000000005d20000 	/System/Library/Frameworks/OpenGL.framework/Versions/A/Libraries/libGFXShared.dylib
0x0000000005d20000 	/System/Library/Frameworks/OpenGL.framework/Versions/A/Libraries/libGL.dylib
0x0000000005d20000 	/System/Library/Frameworks/OpenGL.framework/Versions/A/Libraries/libGLImage.dylib
0x0000000005d20000 	/System/Library/Frameworks/OpenGL.framework/Versions/A/Libraries/libCVMSPluginSupport.dylib
0x0000000005d20000 	/System/Library/Frameworks/OpenGL.framework/Versions/A/Libraries/libCoreVMClient.dylib
0x0000000005d20000 	/usr/lib/libcups.2.dylib
0x0000000005d20000 	/System/Library/Frameworks/Kerberos.framework/Versions/A/Kerberos
0x0000000005d20000 	/System/Library/Frameworks/GSS.framework/Versions/A/GSS
0x0000000005d20000 	/usr/lib/libresolv.9.dylib
0x0000000005d20000 	/usr/lib/libiconv.2.dylib
0x0000000005d20000 	/System/Library/PrivateFrameworks/Heimdal.framework/Versions/A/Heimdal
0x0000000005d20000 	/usr/lib/libheimdal-asn1.dylib
0x0000000005d20000 	/System/Library/Frameworks/OpenDirectory.framework/Versions/A/OpenDirectory
0x0000000005d20000 	/System/Library/PrivateFrameworks/CommonAuth.framework/Versions/A/CommonAuth
0x0000000005d20000 	/System/Library/Frameworks/OpenDirectory.framework/Versions/A/Frameworks/CFOpenDirectory.framework/Versions/A/CFOpenDirectory
0x0000000005d20000 	/System/Library/Frameworks/SecurityFoundation.framework/Versions/A/SecurityFoundation
0x0000000005d20000 	/System/Library/PrivateFrameworks/LanguageModeling.framework/Versions/A/LanguageModeling
0x0000000005d20000 	/usr/lib/libcmph.dylib
0x0000000005d20000 	/System/Library/Frameworks/ServiceManagement.framework/Versions/A/ServiceManagement
0x0000000005d20000 	/usr/lib/libxslt.1.dylib
0x0000000005d20000 	/System/Library/Frameworks/Carbon.framework/Versions/A/Frameworks/Ink.framework/Versions/A/Ink
0x0000000005d20000 	/System/Library/Frameworks/QuartzCore.framework/Versions/A/Frameworks/CoreImage.framework/Versions/A/CoreImage
0x0000000005d20000 	/System/Library/PrivateFrameworks/CrashReporterSupport.framework/Versions/A/CrashReporterSupport
0x0000000005d20000 	/System/Library/Frameworks/OpenCL.framework/Versions/A/OpenCL
0x0000000005d20000 	/System/Library/PrivateFrameworks/FaceCore.framework/Versions/A/FaceCore
0x0000000005d20000 	/System/Library/PrivateFrameworks/Ubiquity.framework/Versions/A/Ubiquity
0x0000000005d20000 	/System/Library/PrivateFrameworks/IconServices.framework/Versions/A/IconServices
0x0000000005d20000 	/System/Library/PrivateFrameworks/ChunkingLibrary.framework/Versions/A/ChunkingLibrary
0x0000000005d20000 	/System/Library/PrivateFrameworks/Apple80211.framework/Versions/A/Apple80211
0x0000000005d20000 	/System/Library/Frameworks/CoreWLAN.framework/Versions/A/CoreWLAN
0x0000000005d20000 	/System/Library/Frameworks/IOBluetooth.framework/Versions/A/IOBluetooth
0x0000000005d20000 	/System/Library/PrivateFrameworks/CoreWiFi.framework/Versions/A/CoreWiFi
0x0000000005d20000 	/System/Library/Frameworks/CoreBluetooth.framework/Versions/A/CoreBluetooth
0x0000000005d20000 	/System/Library/PrivateFrameworks/DebugSymbols.framework/Versions/A/DebugSymbols
0x0000000005d20000 	/System/Library/PrivateFrameworks/CoreSymbolication.framework/Versions/A/CoreSymbolication
0x0000000005d20000 	/System/Library/PrivateFrameworks/Symbolication.framework/Versions/A/Symbolication
0x0000000005d20000 	/System/Library/PrivateFrameworks/SpeechRecognitionCore.framework/Versions/A/SpeechRecognitionCore
0x0000000045ab1000 	/System/Library/CoreServices/Encodings/libKoreanConverter.dylib
0x0000000101800000 	/Library/Java/JavaVirtualMachines/jdk1.8.0_40.jdk/Contents/Home/jre/lib/server/libjvm.dylib
0x0000000005d20000 	/usr/lib/libstdc++.6.dylib
0x00000001007a4000 	/Library/Java/JavaVirtualMachines/jdk1.8.0_40.jdk/Contents/Home/jre/lib/libverify.dylib
0x00000001007b2000 	/Library/Java/JavaVirtualMachines/jdk1.8.0_40.jdk/Contents/Home/jre/lib/libjava.dylib
0x00000001007f1000 	/Library/Java/JavaVirtualMachines/jdk1.8.0_40.jdk/Contents/Home/jre/lib/libzip.dylib
0x000000011e33f000 	/System/Library/Frameworks/JavaVM.framework/Frameworks/JavaRuntimeSupport.framework/JavaRuntimeSupport
0x000000011e357000 	/System/Library/Frameworks/JavaVM.framework/Versions/A/Frameworks/JavaNativeFoundation.framework/Versions/A/JavaNativeFoundation
0x000000011e36c000 	/System/Library/Frameworks/JavaVM.framework/Versions/A/JavaVM
0x0000000005d20000 	/System/Library/Frameworks/Carbon.framework/Versions/A/Carbon
0x000000011e379000 	/System/Library/PrivateFrameworks/JavaLaunching.framework/Versions/A/JavaLaunching
0x0000000005d20000 	/System/Library/Frameworks/Carbon.framework/Versions/A/Frameworks/CommonPanels.framework/Versions/A/CommonPanels
0x0000000005d20000 	/System/Library/Frameworks/Carbon.framework/Versions/A/Frameworks/Help.framework/Versions/A/Help
0x0000000005d20000 	/System/Library/Frameworks/Carbon.framework/Versions/A/Frameworks/ImageCapture.framework/Versions/A/ImageCapture
0x0000000005d20000 	/System/Library/Frameworks/Carbon.framework/Versions/A/Frameworks/OpenScripting.framework/Versions/A/OpenScripting
0x0000000005d20000 	/System/Library/Frameworks/Carbon.framework/Versions/A/Frameworks/Print.framework/Versions/A/Print
0x0000000005d20000 	/System/Library/Frameworks/Carbon.framework/Versions/A/Frameworks/SecurityHI.framework/Versions/A/SecurityHI
0x00000001203ee000 	/Applications/IntelliJ IDEA 14.app/Contents/bin/libbreakgen64.jnilib
0x00000001204f4000 	/Library/Java/JavaVirtualMachines/jdk1.8.0_40.jdk/Contents/Home/jre/lib/libnet.dylib
0x0000000120553000 	/Library/Java/JavaVirtualMachines/jdk1.8.0_40.jdk/Contents/Home/jre/lib/libawt.dylib
0x00000001205fb000 	/Library/Java/JavaVirtualMachines/jdk1.8.0_40.jdk/Contents/Home/jre/lib/./libmlib_image.dylib
0x00000001206c7000 	/Library/Java/JavaVirtualMachines/jdk1.8.0_40.jdk/Contents/Home/jre/lib/libawt_lwawt.dylib
0x000000012077b000 	/Library/Java/JavaVirtualMachines/jdk1.8.0_40.jdk/Contents/Home/jre/lib/./libosxapp.dylib
0x0000000005d20000 	/System/Library/Frameworks/ExceptionHandling.framework/Versions/A/ExceptionHandling
0x0000000005d20000 	/System/Library/PrivateFrameworks/CoreServicesInternal.framework/Versions/A/CoreServicesInternal
0x0000000005d20000 	/System/Library/PrivateFrameworks/CloudDocs.framework/Versions/A/CloudDocs
0x0000000005d20000 	/System/Library/PrivateFrameworks/CoreDuet.framework/Versions/A/CoreDuet
0x0000000005d20000 	/System/Library/Frameworks/CloudKit.framework/Versions/A/CloudKit
0x0000000005d20000 	/System/Library/PrivateFrameworks/ProtocolBuffer.framework/Versions/A/ProtocolBuffer
0x0000000005d20000 	/System/Library/PrivateFrameworks/CoreDuetDaemonProtocol.framework/Versions/A/CoreDuetDaemonProtocol
0x0000000005d20000 	/System/Library/PrivateFrameworks/CoreDuetDebugLogging.framework/Versions/A/CoreDuetDebugLogging
0x0000000005d20000 	/System/Library/Frameworks/CoreLocation.framework/Versions/A/CoreLocation
0x0000000005d20000 	/System/Library/Frameworks/Accounts.framework/Versions/A/Accounts
0x0000000005d20000 	/System/Library/PrivateFrameworks/ApplePushService.framework/Versions/A/ApplePushService
0x0000000005d20000 	/System/Library/PrivateFrameworks/GeoServices.framework/Versions/A/GeoServices
0x0000000005d20000 	/System/Library/PrivateFrameworks/OAuth.framework/Versions/A/OAuth
0x0000000005d20000 	/System/Library/PrivateFrameworks/CoreDaemon.framework/Versions/B/CoreDaemon
0x0000000005d20000 	/usr/lib/libcrypto.0.9.8.dylib
0x0000000005d20000 	/System/Library/PrivateFrameworks/AppleSRP.framework/Versions/A/AppleSRP
0x0000000005d20000 	/System/Library/PrivateFrameworks/TrustEvaluationAgent.framework/Versions/A/TrustEvaluationAgent
0x0000000005d20000 	/System/Library/Frameworks/CoreGraphics.framework/Versions/A/Resources/libCGCMS.A.dylib
0x0000000005d20000 	/System/Library/Frameworks/CoreGraphics.framework/Versions/A/Resources/libRIP.A.dylib
0x0000000005d20000 	/System/Library/Frameworks/CoreGraphics.framework/Versions/A/Resources/libCGXType.A.dylib
0x0000000005d20000 	/System/Library/Frameworks/OpenCL.framework/Versions/A/Libraries/libcldcpuengine.dylib
0x0000000005d20000 	/System/Library/PrivateFrameworks/DiskImages.framework/Versions/A/DiskImages
0x0000000005d20000 	/System/Library/Frameworks/DiscRecording.framework/Versions/A/DiscRecording
0x0000000005d20000 	/usr/lib/libcsfde.dylib
0x0000000005d20000 	/usr/lib/libcurl.4.dylib
0x0000000005d20000 	/System/Library/PrivateFrameworks/MediaKit.framework/Versions/A/MediaKit
0x0000000005d20000 	/System/Library/PrivateFrameworks/ProtectedCloudStorage.framework/Versions/A/ProtectedCloudStorage
0x0000000005d20000 	/usr/lib/libCoreStorage.dylib
0x0000000005d20000 	/System/Library/PrivateFrameworks/EFILogin.framework/Versions/A/EFILogin
0x0000000005d20000 	/usr/lib/libutil.dylib
0x0000000005d20000 	/System/Library/PrivateFrameworks/FindMyDevice.framework/Versions/A/FindMyDevice
0x0000000005d20000 	/System/Library/Frameworks/LDAP.framework/Versions/A/LDAP
0x0000000005d20000 	/usr/lib/libsasl2.2.dylib
0x00000001236d2000 	cl_kernels
0x00000001236d4000 	/System/Library/Frameworks/OpenCL.framework/Versions/A/Libraries/ImageFormats/unorm8_bgra.dylib
0x00000001236c4000 	cl_kernels
0x0000000005d20000 	/System/Library/PrivateFrameworks/FamilyControls.framework/Versions/A/FamilyControls
0x0000000005d20000 	/System/Library/PrivateFrameworks/CommerceKit.framework/Versions/A/Frameworks/CommerceCore.framework/Versions/A/CommerceCore
0x0000000005d20000 	/System/Library/PrivateFrameworks/SystemAdministration.framework/Versions/A/SystemAdministration
0x0000000005d20000 	/System/Library/PrivateFrameworks/AppContainer.framework/Versions/A/AppContainer
0x0000000005d20000 	/System/Library/PrivateFrameworks/SecCodeWrapper.framework/Versions/A/SecCodeWrapper
0x0000000005d20000 	/System/Library/Frameworks/DirectoryService.framework/Versions/A/DirectoryService
0x0000000005d20000 	/System/Library/PrivateFrameworks/LoginUIKit.framework/Versions/A/Frameworks/LoginUICore.framework/Versions/A/LoginUICore
0x0000000005d20000 	/usr/lib/libodfde.dylib
0x0000000005d20000 	/System/Library/Frameworks/OpenGL.framework/Versions/A/Resources/GLEngine.bundle/GLEngine
0x0000000005d20000 	/System/Library/Frameworks/OpenGL.framework/Versions/A/Libraries/libGLProgrammability.dylib
0x0000000000000000 	/System/Library/Extensions/AppleIntelHD5000GraphicsGLDriver.bundle/Contents/MacOS/AppleIntelHD5000GraphicsGLDriver
0x0000000005d20000 	/System/Library/PrivateFrameworks/IOAccelerator.framework/Versions/A/IOAccelerator
0x0000000005d20000 	/System/Library/PrivateFrameworks/GPUSupport.framework/Versions/A/Libraries/libGPUSupportMercury.dylib
0x0000000000000000 	/System/Library/Extensions/GeForceGLDriver.bundle/Contents/MacOS/GeForceGLDriver
0x0000000005d20000 	/System/Library/Extensions/GeForceGLDriver.bundle/Contents/MacOS/libclh.dylib
0x0000000005d20000 	/System/Library/Frameworks/OpenGL.framework/Versions/A/Resources/GLRendererFloat.bundle/GLRendererFloat
0x0000000126122000 	/Library/Java/JavaVirtualMachines/jdk1.8.0_40.jdk/Contents/Home/jre/lib/libfontmanager.dylib
0x0000000126189000 	/Library/Java/JavaVirtualMachines/jdk1.8.0_40.jdk/Contents/Home/jre/lib/libosxui.dylib
0x00000001261a7000 	/Library/Java/JavaVirtualMachines/jdk1.8.0_40.jdk/Contents/Home/jre/lib/libnio.dylib
0x0000000005d20000 	/System/Library/Frameworks/Accelerate.framework/Versions/A/Frameworks/vImage.framework/Versions/A/Libraries/libCGInterfaces.dylib
0x0000000122979000 	/Library/Java/JavaVirtualMachines/jdk1.8.0_40.jdk/Contents/Home/jre/lib/libdcpr.dylib

VM Arguments:
jvm_args: -Didea.launcher.port=7532 -Didea.launcher.bin.path=/Applications/IntelliJ IDEA 14.app/Contents/bin -Dfile.encoding=UTF-8 
java_command: com.intellij.rt.execution.application.AppMain com.view.GameGUI
java_class_path (initial): /Library/Java/JavaVirtualMachines/jdk1.8.0_40.jdk/Contents/Home/lib/ant-javafx.jar:/Library/Java/JavaVirtualMachines/jdk1.8.0_40.jdk/Contents/Home/lib/dt.jar:/Library/Java/JavaVirtualMachines/jdk1.8.0_40.jdk/Contents/Home/lib/javafx-mx.jar:/Library/Java/JavaVirtualMachines/jdk1.8.0_40.jdk/Contents/Home/lib/jconsole.jar:/Library/Java/JavaVirtualMachines/jdk1.8.0_40.jdk/Contents/Home/lib/packager.jar:/Library/Java/JavaVirtualMachines/jdk1.8.0_40.jdk/Contents/Home/lib/sa-jdi.jar:/Library/Java/JavaVirtualMachines/jdk1.8.0_40.jdk/Contents/Home/lib/tools.jar:/Library/Java/JavaVirtualMachines/jdk1.8.0_40.jdk/Contents/Home/jre/lib/charsets.jar:/Library/Java/JavaVirtualMachines/jdk1.8.0_40.jdk/Contents/Home/jre/lib/deploy.jar:/Library/Java/JavaVirtualMachines/jdk1.8.0_40.jdk/Contents/Home/jre/lib/javaws.jar:/Library/Java/JavaVirtualMachines/jdk1.8.0_40.jdk/Contents/Home/jre/lib/jce.jar:/Library/Java/JavaVirtualMachines/jdk1.8.0_40.jdk/Contents/Home/jre/lib/jfr.jar:/Library/Java/JavaVirtualMachines/jdk1.8.0_40.jdk/Contents/Home/jre/lib/jfxswt.jar:/Library/Java/JavaVirtualMachines/jdk1.8.0_40.jdk/Contents/Home/jre/lib/jsse.jar:/Library/Java/JavaVirtualMachines/jdk1.8.0_40.jdk/Contents/Home/jre/lib/management-agent.jar:/Library/Java/JavaVirtualMachines/jdk1.8.0_40.jdk/Contents/Home/jre/lib/plugin.jar:/Library/Java/JavaVirtualMachines/jdk1.8.0_40.jdk/Contents/Home/jre/lib/resources.jar:/Library/Java/JavaVirtualMachines/jdk1.8.0_40.jdk/Contents/Home/jre/lib/rt.jar:/Library/Java/JavaVirtualMachines/jdk1.8.0_40.jdk/Contents/Home/jre/lib/ext/cldrdata.jar:/Library/Java/JavaVirtualMachines/jdk1.8.0_40.jdk/Contents/Home/jre/lib/ext/dnsns.jar:/Library/Java/JavaVirtualMachines/jdk1.8.0_40.jdk/Contents/Home/jre/lib/ext/jfxrt.jar:/Library/Java/JavaVirtualMachines/jdk1.8.0_40.jdk/Contents/Home/jre/lib/ext/localedata.jar:/Library/Java/JavaVirtualMachines/jdk1.8.0_40.jdk/Contents/Home/jre/lib/ext/nashorn.jar:/Library/Java/JavaVirtualMachines/jdk1.8.0_40.jdk/Conten
Launcher Type: SUN_STANDARD

Environment Variables:
PATH=/Users/junho/anaconda/bin:/opt/local/bin:/opt/local/sbin:/usr/local/bin:/usr/bin:/bin:/usr/sbin:/sbin
SHELL=/bin/bash

Signal Handlers:
SIGSEGV: [libjvm.dylib+0x58ef95], sa_mask[0]=11111111011111110111111111111111, sa_flags=SA_ONSTACK|SA_RESTART|SA_SIGINFO
SIGBUS: [libjvm.dylib+0x58ef95], sa_mask[0]=11111111011111110111111111111111, sa_flags=SA_RESTART|SA_SIGINFO
SIGFPE: [libjvm.dylib+0x46c118], sa_mask[0]=11111111011111110111111111111111, sa_flags=SA_RESTART|SA_SIGINFO
SIGPIPE: [libjvm.dylib+0x46c118], sa_mask[0]=11111111011111110111111111111111, sa_flags=SA_RESTART|SA_SIGINFO
SIGXFSZ: [libjvm.dylib+0x46c118], sa_mask[0]=11111111011111110111111111111111, sa_flags=SA_RESTART|SA_SIGINFO
SIGILL: [libjvm.dylib+0x46c118], sa_mask[0]=11111111011111110111111111111111, sa_flags=SA_RESTART|SA_SIGINFO
SIGUSR1: SIG_DFL, sa_mask[0]=00000000000000000000000000000000, sa_flags=none
SIGUSR2: [libjvm.dylib+0x46bc36], sa_mask[0]=00100000000000000000000000000000, sa_flags=SA_RESTART|SA_SIGINFO
SIGHUP: [libjvm.dylib+0x46a209], sa_mask[0]=11111111011111110111111111111111, sa_flags=SA_RESTART|SA_SIGINFO
SIGINT: [libjvm.dylib+0x46a209], sa_mask[0]=11111111011111110111111111111111, sa_flags=SA_RESTART|SA_SIGINFO
SIGTERM: [libjvm.dylib+0x46a209], sa_mask[0]=11111111011111110111111111111111, sa_flags=SA_RESTART|SA_SIGINFO
SIGQUIT: [libjvm.dylib+0x46a209], sa_mask[0]=11111111011111110111111111111111, sa_flags=SA_RESTART|SA_SIGINFO


---------------  S Y S T E M  ---------------

OS:Bsduname:Darwin 14.1.0 Darwin Kernel Version 14.1.0: Mon Dec 22 23:10:38 PST 2014; root:xnu-2782.10.72~2/RELEASE_X86_64 x86_64
rlimit: STACK 8192k, CORE 0k, NPROC 709, NOFILE 10240, AS infinity
load average:2.22 1.76 1.59

CPU:total 8 (4 cores per cpu, 2 threads per core) family 6 model 70 stepping 1, cmov, cx8, fxsr, mmx, sse, sse2, sse3, ssse3, sse4.1, sse4.2, popcnt, avx, avx2, aes, clmul, erms, rtm, lzcnt, ht, tsc, tscinvbit, bmi1, bmi2

Memory: 4k page, physical 16777216k(3244544k free)

/proc/meminfo:


vm_info: Java HotSpot(TM) 64-Bit Server VM (25.40-b25) for bsd-amd64 JRE (1.8.0_40-b27), built on Mar 13 2015 04:46:52 by "java_re" with gcc 4.2.1 (Based on Apple Inc. build 5658) (LLVM build 2336.11.00)

time: Thu Apr  2 14:05:51 2015
elapsed time: 30 seconds (0d 0h 0m 30s)

